Device: cuda
GPU: NVIDIA GeForce RTX 5090, VRAM: 31.4GB
======================================================================
AnimalCLEF2026 V23: Semi-Supervised + t-SNE + HDBSCAN
======================================================================
Metadata: 15483 rows, Submission: 2409 rows

======================================================================
STAGE 0: Feature Extraction (4 Backbones)
======================================================================
  [SKIP] BioCLIP 2.5 not ready (still downloading?), skipping
  Loading cached dinov3 features...
    dinov3: (15483, 8192)
  Loading cached siglip2 features...
    siglip2: (15483, 1536)
  Loading cached megadesc features...
    megadesc: (15483, 1536)

  Successfully loaded 3 backbones: ['dinov3', 'siglip2', 'megadesc']

Concatenating features from: ['dinov3', 'megadesc', 'siglip2']
Concatenated feature dim: 11264

======================================================================
STAGE 1: Per-Species Semi-Supervised Learning
======================================================================

==================================================
Species: LynxID2025
==================================================
  Train: 2957, Test: 946
  Known identities: 77

  Phase A: SupCon on labeled training data
    Epoch 5/30: loss=1.8886
    Epoch 10/30: loss=1.4617
    Epoch 15/30: loss=1.3143
    Epoch 20/30: loss=1.2437
    Epoch 25/30: loss=1.2108
    Epoch 30/30: loss=1.1908
    PCA→64D (var=0.982)
  Train ARI after Phase A: 0.7454

  Phase B/C Round 1/2: Pseudo-labeling
    PCA→64D (var=0.981)
    Pseudo clusters (test): 52, singletons: 2
    Valid samples for retraining: 3726/3903 (95.5%)
    Epoch 5/15: loss=2.5256
    Epoch 10/15: loss=2.1123
    Epoch 15/15: loss=1.9131
    PCA→64D (var=0.875)
    Train ARI after Round 1: 0.0958

  Phase B/C Round 2/2: Pseudo-labeling
    PCA→64D (var=0.873)
    Pseudo clusters (test): 119, singletons: 9
    Valid samples for retraining: 3564/3903 (91.3%)
    Epoch 5/15: loss=2.4345
    Epoch 10/15: loss=1.8694
    Epoch 15/15: loss=1.7682
    PCA→64D (var=0.893)
    Train ARI after Round 2: 0.1047

  Final clustering for LynxID2025
    PCA→64D (var=0.892)

  LynxID2025 Final: 946 images → 108 clusters
    Singletons: 5 (5%)
    Largest cluster: 38

==================================================
Species: SalamanderID2025
==================================================
  Train: 1388, Test: 689
  Known identities: 587

  Phase A: SupCon on labeled training data
    Epoch 5/30: loss=2.5325
    Epoch 10/30: loss=1.8743
    Epoch 15/30: loss=1.4790
    Epoch 20/30: loss=1.3418
    Epoch 25/30: loss=1.2386
    Epoch 30/30: loss=1.2153
    PCA→64D (var=0.968)
  Train ARI after Phase A: 0.4562

  Phase B/C Round 1/2: Pseudo-labeling
    PCA→64D (var=0.966)
    Pseudo clusters (test): 199, singletons: 33
    Valid samples for retraining: 1650/2077 (79.4%)
    Epoch 5/15: loss=2.3422
    Epoch 10/15: loss=1.6548
    Epoch 15/15: loss=1.4951
    PCA→64D (var=0.935)
    Train ARI after Round 1: 0.1762

  Phase B/C Round 2/2: Pseudo-labeling
    PCA→64D (var=0.933)
    Pseudo clusters (test): 188, singletons: 39
    Valid samples for retraining: 1798/2077 (86.6%)
    Epoch 5/15: loss=2.2476
    Epoch 10/15: loss=1.6745
    Epoch 15/15: loss=1.5145
    PCA→64D (var=0.939)
    Train ARI after Round 2: 0.1663

  Final clustering for SalamanderID2025
    PCA→64D (var=0.938)

  SalamanderID2025 Final: 689 images → 186 clusters
    Singletons: 39 (21%)
    Largest cluster: 16

==================================================
Species: SeaTurtleID2022
==================================================
  Train: 8729, Test: 500
  Known identities: 438

  Phase A: SupCon on labeled training data
    Epoch 5/30: loss=1.3866
    Epoch 10/30: loss=1.2245
    Epoch 15/30: loss=1.1625
    Epoch 20/30: loss=1.1422
    Epoch 25/30: loss=1.1319
    Epoch 30/30: loss=1.1301
    PCA→64D (var=0.984)
  Train ARI after Phase A: 0.9678

  Phase B/C Round 1/2: Pseudo-labeling
    PCA→64D (var=0.984)
    Pseudo clusters (test): 158, singletons: 41
    Valid samples for retraining: 8817/9229 (95.5%)
    Epoch 5/15: loss=1.3581
    Epoch 10/15: loss=1.2063
    Epoch 15/15: loss=1.1688
    PCA→64D (var=0.950)
    Train ARI after Round 1: 0.9472

  Phase B/C Round 2/2: Pseudo-labeling
    PCA→64D (var=0.950)
    Pseudo clusters (test): 123, singletons: 38
    Valid samples for retraining: 8875/9229 (96.2%)
    Epoch 5/15: loss=1.3597
    Epoch 10/15: loss=1.2023
    Epoch 15/15: loss=1.1670
    PCA→64D (var=0.952)
    Train ARI after Round 2: 0.8726

  Final clustering for SeaTurtleID2022
    PCA→64D (var=0.952)

  SeaTurtleID2022 Final: 500 images → 122 clusters
    Singletons: 39 (32%)
    Largest cluster: 24

==================================================
Species: TexasHornedLizards
==================================================
  Train: 0, Test: 274
  Zero-shot clustering (no training data)
  t-SNE reduction for zero-shot clustering
    PCA→64D (var=0.833)

  TexasHornedLizards Final: 274 images → 7 clusters
    Singletons: 0 (0%)
    Largest cluster: 105

======================================================================
STAGE 4: Generating Submission
======================================================================
Submission saved to ./output/submission.csv
Total: 2409 images, 423 unique clusters

Total time: 3.3 minutes
Done!
