
libgomp: Invalid value for environment variable OMP_NUM_THREADS

libgomp: Invalid value for environment variable OMP_NUM_THREADS
Device: cuda
GPU: NVIDIA GeForce RTX 5090, VRAM: 31.4GB
Metadata: 15483 rows, Submission template: 2409 rows
SAM masks already cached (15483/15483)
Loading cached DINOv3 features...
Loading cached InternViT features...
Loading cached SigLIP2 features...
Loading cached EVA02 features...

============================================================
STAGE 2-5: Per-Species Clustering Pipeline
============================================================

==================================================
Processing: LynxID2025
==================================================
  Train: 2957 images, Test: 946 images
  Optimizing backbone weights...
    (Subsampled 2000/2957 for weight search)
    Weight search: 56 combos, best ARI=0.0048
    Weights: {'dinov3': np.float64(0.4), 'internvit': np.float64(0.0), 'siglip2': np.float64(0.0), 'eva02': np.float64(0.6000000000000001)}
  Computing fused similarity matrix...
  Running k-Reciprocal Re-ranking...
    Computing k-reciprocal neighbors (k1=20)...
    Expanding reciprocal sets (k2=6)...
    Computing Jaccard distances...
  Clustering...
    Best threshold: 0.210 (train ARI=0.0862)
  Post-processing...
  Train ARI: 0.0830
  Test: 946 images → 312 clusters, 45 singletons (5%)

==================================================
Processing: SalamanderID2025
==================================================
  Train: 1388 images, Test: 689 images
  Optimizing backbone weights...
    Weight search: 56 combos, best ARI=0.0000
    Weights: {'dinov3': np.float64(0.0), 'internvit': np.float64(0.0), 'siglip2': np.float64(0.0), 'eva02': np.float64(1.0)}
  Computing fused similarity matrix...
  Running k-Reciprocal Re-ranking...
    Computing k-reciprocal neighbors (k1=20)...
    Expanding reciprocal sets (k2=6)...
    Computing Jaccard distances...
  Clustering...
    Best threshold: 0.120 (train ARI=0.0747)
  Post-processing...
  Train ARI: 0.0015
  Test: 689 images → 189 clusters, 1 singletons (0%)

==================================================
Processing: SeaTurtleID2022
==================================================
  Train: 8729 images, Test: 500 images
  Optimizing backbone weights...
    (Subsampled 2000/8729 for weight search)
    Weight search: 56 combos, best ARI=0.0009
    Weights: {'dinov3': np.float64(0.2), 'internvit': np.float64(0.2), 'siglip2': np.float64(0.4), 'eva02': np.float64(0.2)}
  Computing fused similarity matrix...
  Skipping k-Reciprocal (N=9229 too large, using fused sim directly)
  Clustering...
    Best threshold: 0.110 (train ARI=0.0039)
  Post-processing...
  Train ARI: 0.0035
  Test: 500 images → 157 clusters, 0 singletons (0%)

==================================================
Processing: TexasHornedLizards
==================================================
  Train: 0 images, Test: 274 images
  No/few training data, using equal weights
  Computing fused similarity matrix...
  Running k-Reciprocal Re-ranking...
    Computing k-reciprocal neighbors (k1=20)...
    Expanding reciprocal sets (k2=6)...
    Computing Jaccard distances...
  Clustering...
    No training data, using default threshold: 0.5
  Post-processing...
  Test: 274 images → 1 clusters, 0 singletons (0%)

============================================================
V21 COMPLETE — 5.9 minutes
Submission: ./output/submission.csv (2409 rows)
============================================================
